Starting up http-server, serving ./

http-server version: 14.1.0

http-server settings: 
CORS: disabled
Cache: -1 seconds
Connection Timeout: 120 seconds
Directory Listings: visible
AutoIndex: visible
Serve GZIP Files: false
Serve Brotli Files: false
Default File Extension: none

Available on:
  http://127.0.0.1:80
  http://10.0.0.14:80
Hit CTRL-C to stop the server

[2022-04-08T06:25:59.620Z]  "GET /" "Mozilla/5.0 (iPhone; CPU iPhone OS 13_6 like Mac OS X) AppleWebKit/605.1.15 (KHTML, like Gecko) Mobile/15E148 MicroMessenger/8.0.18(0x1800123c) NetType/WIFI Language/zh_CN"
(node:9585) [DEP0066] DeprecationWarning: OutgoingMessage.prototype._headers is deprecated
(Use `node --trace-deprecation ...` to show where the warning was created)
[2022-04-08T06:26:00.292Z]  "GET /youshangjiao.png" "Mozilla/5.0 (iPhone; CPU iPhone OS 13_6 like Mac OS X) AppleWebKit/605.1.15 (KHTML, like Gecko) Mobile/15E148 MicroMessenger/8.0.18(0x1800123c) NetType/WIFI Language/zh_CN"
[2022-04-08T06:26:00.305Z]  "GET /biaodanyemian.svg" "Mozilla/5.0 (iPhone; CPU iPhone OS 13_6 like Mac OS X) AppleWebKit/605.1.15 (KHTML, like Gecko) Mobile/15E148 MicroMessenger/8.0.18(0x1800123c) NetType/WIFI Language/zh_CN"
[2022-04-08T06:26:00.306Z]  "GET /3782595.jpg" "Mozilla/5.0 (iPhone; CPU iPhone OS 13_6 like Mac OS X) AppleWebKit/605.1.15 (KHTML, like Gecko) Mobile/15E148 MicroMessenger/8.0.18(0x1800123c) NetType/WIFI Language/zh_CN"
[2022-04-08T06:26:05.918Z]  "GET /3916676.gif" "Mozilla/5.0 (iPhone; CPU iPhone OS 13_6 like Mac OS X) AppleWebKit/605.1.15 (KHTML, like Gecko) Mobile/15E148 MicroMessenger/8.0.18(0x1800123c) NetType/WIFI Language/zh_CN"
[2022-04-08T06:26:05.939Z]  "GET /qrcode.png" "Mozilla/5.0 (iPhone; CPU iPhone OS 13_6 like Mac OS X) AppleWebKit/605.1.15 (KHTML, like Gecko) Mobile/15E148 MicroMessenger/8.0.18(0x1800123c) NetType/WIFI Language/zh_CN"
[2022-04-08T06:26:05.948Z]  "GET /liucheng.svg" "Mozilla/5.0 (iPhone; CPU iPhone OS 13_6 like Mac OS X) AppleWebKit/605.1.15 (KHTML, like Gecko) Mobile/15E148 MicroMessenger/8.0.18(0x1800123c) NetType/WIFI Language/zh_CN"
[2022-04-08T06:26:11.580Z]  "GET /" "Mozilla/5.0 (iPhone; CPU iPhone OS 13_6 like Mac OS X) AppleWebKit/605.1.15 (KHTML, like Gecko) Mobile/15E148 MicroMessenger/8.0.18(0x1800123c) NetType/WIFI Language/zh_CN"
[2022-04-08T06:26:12.243Z]  "GET /3782595.jpg" "Mozilla/5.0 (iPhone; CPU iPhone OS 13_6 like Mac OS X) AppleWebKit/605.1.15 (KHTML, like Gecko) Mobile/15E148 MicroMessenger/8.0.18(0x1800123c) NetType/WIFI Language/zh_CN"
[2022-04-08T06:26:12.372Z]  "GET /biaodanyemian.svg" "Mozilla/5.0 (iPhone; CPU iPhone OS 13_6 like Mac OS X) AppleWebKit/605.1.15 (KHTML, like Gecko) Mobile/15E148 MicroMessenger/8.0.18(0x1800123c) NetType/WIFI Language/zh_CN"
[2022-04-08T06:26:12.379Z]  "GET /youshangjiao.png" "Mozilla/5.0 (iPhone; CPU iPhone OS 13_6 like Mac OS X) AppleWebKit/605.1.15 (KHTML, like Gecko) Mobile/15E148 MicroMessenger/8.0.18(0x1800123c) NetType/WIFI Language/zh_CN"
[2022-04-08T06:26:18.087Z]  "GET /3916676.gif" "Mozilla/5.0 (iPhone; CPU iPhone OS 13_6 like Mac OS X) AppleWebKit/605.1.15 (KHTML, like Gecko) Mobile/15E148 MicroMessenger/8.0.18(0x1800123c) NetType/WIFI Language/zh_CN"
[2022-04-08T06:26:18.136Z]  "GET /qrcode.png" "Mozilla/5.0 (iPhone; CPU iPhone OS 13_6 like Mac OS X) AppleWebKit/605.1.15 (KHTML, like Gecko) Mobile/15E148 MicroMessenger/8.0.18(0x1800123c) NetType/WIFI Language/zh_CN"
[2022-04-08T06:26:18.139Z]  "GET /liucheng.svg" "Mozilla/5.0 (iPhone; CPU iPhone OS 13_6 like Mac OS X) AppleWebKit/605.1.15 (KHTML, like Gecko) Mobile/15E148 MicroMessenger/8.0.18(0x1800123c) NetType/WIFI Language/zh_CN"
[2022-04-08T06:26:23.762Z]  "GET /" "Mozilla/5.0 (iPhone; CPU iPhone OS 13_6 like Mac OS X) AppleWebKit/605.1.15 (KHTML, like Gecko) Mobile/15E148 MicroMessenger/8.0.18(0x1800123c) NetType/WIFI Language/zh_CN"
[2022-04-08T06:26:24.544Z]  "GET /qrcode.png" "Mozilla/5.0 (iPhone; CPU iPhone OS 13_6 like Mac OS X) AppleWebKit/605.1.15 (KHTML, like Gecko) Mobile/15E148 MicroMessenger/8.0.18(0x1800123c) NetType/WIFI Language/zh_CN"
[2022-04-08T06:26:24.559Z]  "GET /biaodanyemian.svg" "Mozilla/5.0 (iPhone; CPU iPhone OS 13_6 like Mac OS X) AppleWebKit/605.1.15 (KHTML, like Gecko) Mobile/15E148 MicroMessenger/8.0.18(0x1800123c) NetType/WIFI Language/zh_CN"
[2022-04-08T06:26:24.568Z]  "GET /3782595.jpg" "Mozilla/5.0 (iPhone; CPU iPhone OS 13_6 like Mac OS X) AppleWebKit/605.1.15 (KHTML, like Gecko) Mobile/15E148 MicroMessenger/8.0.18(0x1800123c) NetType/WIFI Language/zh_CN"
[2022-04-08T06:27:00.285Z]  "GET /" "Mozilla/5.0 (iPhone; CPU iPhone OS 13_6 like Mac OS X) AppleWebKit/605.1.15 (KHTML, like Gecko) Mobile/15E148 MicroMessenger/8.0.18(0x1800123c) NetType/WIFI Language/zh_CN"
[2022-04-08T06:27:00.567Z]  "GET /liucheng.svg" "Mozilla/5.0 (iPhone; CPU iPhone OS 13_6 like Mac OS X) AppleWebKit/605.1.15 (KHTML, like Gecko) Mobile/15E148 MicroMessenger/8.0.18(0x1800123c) NetType/WIFI Language/zh_CN"
[2022-04-08T06:27:00.576Z]  "GET /youshangjiao.png" "Mozilla/5.0 (iPhone; CPU iPhone OS 13_6 like Mac OS X) AppleWebKit/605.1.15 (KHTML, like Gecko) Mobile/15E148 MicroMessenger/8.0.18(0x1800123c) NetType/WIFI Language/zh_CN"
[2022-04-08T06:27:00.835Z]  "GET /3916676.gif" "Mozilla/5.0 (iPhone; CPU iPhone OS 13_6 like Mac OS X) AppleWebKit/605.1.15 (KHTML, like Gecko) Mobile/15E148 MicroMessenger/8.0.18(0x1800123c) NetType/WIFI Language/zh_CN"
[2022-04-08T06:27:00.841Z]  "GET /biaodanyemian.svg" "Mozilla/5.0 (iPhone; CPU iPhone OS 13_6 like Mac OS X) AppleWebKit/605.1.15 (KHTML, like Gecko) Mobile/15E148 MicroMessenger/8.0.18(0x1800123c) NetType/WIFI Language/zh_CN"
[2022-04-08T06:27:00.844Z]  "GET /qrcode.png" "Mozilla/5.0 (iPhone; CPU iPhone OS 13_6 like Mac OS X) AppleWebKit/605.1.15 (KHTML, like Gecko) Mobile/15E148 MicroMessenger/8.0.18(0x1800123c) NetType/WIFI Language/zh_CN"
[2022-04-08T06:27:00.847Z]  "GET /3782595.jpg" "Mozilla/5.0 (iPhone; CPU iPhone OS 13_6 like Mac OS X) AppleWebKit/605.1.15 (KHTML, like Gecko) Mobile/15E148 MicroMessenger/8.0.18(0x1800123c) NetType/WIFI Language/zh_CN"
[2022-04-08T06:27:10.389Z]  "GET /" "Mozilla/5.0 (iPhone; CPU iPhone OS 13_6 like Mac OS X) AppleWebKit/605.1.15 (KHTML, like Gecko) Mobile/15E148 MicroMessenger/8.0.18(0x1800123c) NetType/WIFI Language/zh_CN"
[2022-04-08T06:27:10.669Z]  "GET /liucheng.svg" "Mozilla/5.0 (iPhone; CPU iPhone OS 13_6 like Mac OS X) AppleWebKit/605.1.15 (KHTML, like Gecko) Mobile/15E148 MicroMessenger/8.0.18(0x1800123c) NetType/WIFI Language/zh_CN"
[2022-04-08T06:27:10.682Z]  "GET /youshangjiao.png" "Mozilla/5.0 (iPhone; CPU iPhone OS 13_6 like Mac OS X) AppleWebKit/605.1.15 (KHTML, like Gecko) Mobile/15E148 MicroMessenger/8.0.18(0x1800123c) NetType/WIFI Language/zh_CN"
[2022-04-08T06:27:10.835Z]  "GET /biaodanyemian.svg" "Mozilla/5.0 (iPhone; CPU iPhone OS 13_6 like Mac OS X) AppleWebKit/605.1.15 (KHTML, like Gecko) Mobile/15E148 MicroMessenger/8.0.18(0x1800123c) NetType/WIFI Language/zh_CN"
[2022-04-08T06:27:10.921Z]  "GET /3916676.gif" "Mozilla/5.0 (iPhone; CPU iPhone OS 13_6 like Mac OS X) AppleWebKit/605.1.15 (KHTML, like Gecko) Mobile/15E148 MicroMessenger/8.0.18(0x1800123c) NetType/WIFI Language/zh_CN"
[2022-04-08T06:27:10.938Z]  "GET /qrcode.png" "Mozilla/5.0 (iPhone; CPU iPhone OS 13_6 like Mac OS X) AppleWebKit/605.1.15 (KHTML, like Gecko) Mobile/15E148 MicroMessenger/8.0.18(0x1800123c) NetType/WIFI Language/zh_CN"
[2022-04-08T06:27:10.940Z]  "GET /3782595.jpg" "Mozilla/5.0 (iPhone; CPU iPhone OS 13_6 like Mac OS X) AppleWebKit/605.1.15 (KHTML, like Gecko) Mobile/15E148 MicroMessenger/8.0.18(0x1800123c) NetType/WIFI Language/zh_CN"
Starting up http-server, serving ./

http-server version: 14.1.0

http-server settings: 
CORS: disabled
Cache: -1 seconds
Connection Timeout: 120 seconds
Directory Listings: visible
AutoIndex: visible
Serve GZIP Files: false
Serve Brotli Files: false
Default File Extension: none

Available on:
  http://127.0.0.1:80
  http://10.0.0.14:80
Hit CTRL-C to stop the server

http-server stopped.
Starting up http-server, serving ./

http-server version: 14.1.0

http-server settings: 
CORS: disabled
Cache: -1 seconds
Connection Timeout: 120 seconds
Directory Listings: visible
AutoIndex: visible
Serve GZIP Files: false
Serve Brotli Files: false
Default File Extension: none

Available on:
  http://127.0.0.1:80
  http://10.0.0.14:80
Hit CTRL-C to stop the server

